2021-12-10 16:25:14 - INFO - "GET / HTTP/1.1" 200 1219
2021-12-10 16:25:14 - INFO - "GET /static/style.css HTTP/1.1" 200 648
2021-12-10 16:25:14 - INFO - "GET /favicon.ico HTTP/1.1" 200 1739
2021-12-10 21:10:31 - INFO - "GET /list HTTP/1.1" 200 421
2021-12-10 21:10:31 - INFO - "GET /list/1 HTTP/1.1" 200 139
2021-12-11 20:40:25 - INFO - "GET /list/1 HTTP/1.1" 200 139
2021-12-11 20:40:25 - INFO - "GET /favicon.ico HTTP/1.1" 304 0
2021-12-11 20:40:25 - WARNING - "POST /create HTTP/1.1" 404 1536
2021-12-11 20:53:33 - ERROR - InvalidCSRFToken in 0 on line 0
2021-12-11 20:53:33 - ERROR - "POST /list HTTP/1.1" 500 965937
2021-12-11 23:11:23 - ERROR - QueryException in 0 on line 0
2021-12-11 23:11:23 - ERROR - "POST /list HTTP/1.1" 500 980954
2021-12-11 23:12:45 - WARNING - "POST /create HTTP/1.1" 404 1536
2021-12-11 23:13:09 - ERROR - QueryException in 0 on line 0
2021-12-11 23:13:09 - ERROR - "POST /list/create HTTP/1.1" 500 981266
2021-12-11 23:13:41 - WARNING - "POST / HTTP/1.1" 405 1554
2021-12-11 23:13:41 - WARNING - "POST /create HTTP/1.1" 404 1536
2021-12-11 23:16:56 - ERROR - QueryException in 0 on line 0
2021-12-11 23:16:56 - ERROR - "POST /list HTTP/1.1" 500 981120
2021-12-11 23:18:05 - ERROR - QueryException in 0 on line 0
2021-12-11 23:18:05 - ERROR - "POST /list HTTP/1.1" 500 981250
2021-12-11 23:18:42 - INFO - "GET /list/2 HTTP/1.1" 200 138
2021-12-11 23:18:42 - INFO - "GET /list/3 HTTP/1.1" 200 138
2021-12-11 23:19:01 - ERROR - ResponseError in 0 on line 0
2021-12-11 23:19:10 - ERROR - ResponseError in 0 on line 0
2021-12-11 23:26:21 - WARNING - "POST /create HTTP/1.1" 404 1536
2021-12-11 23:26:21 - WARNING - "POST /create/list HTTP/1.1" 404 1536
2021-12-11 23:26:21 - INFO - "GET /list/ HTTP/1.1" 200 421
2021-12-11 23:26:21 - INFO - "GET /favicon.ico HTTP/1.1" 304 0
2021-12-11 23:26:21 - INFO - "GET /list/ HTTP/1.1" 200 421
2021-12-11 23:26:21 - INFO - "GET /list/2 HTTP/1.1" 200 138
2021-12-11 23:26:21 - INFO - "GET / HTTP/1.1" 200 1219
2021-12-11 23:26:21 - INFO - "GET /static/style.css HTTP/1.1" 304 0
2021-12-11 23:26:21 - INFO - "GET / HTTP/1.1" 200 1219
2021-12-11 23:26:21 - INFO - "GET /favicon.ico HTTP/1.1" 304 0
2021-12-11 23:26:21 - INFO - "GET /list HTTP/1.1" 200 421
2021-12-11 23:43:22 - INFO - "GET /list HTTP/1.1" 200 2
2021-12-11 23:43:22 - INFO - "GET /favicon.ico HTTP/1.1" 304 0
2021-12-11 23:43:22 - INFO - "GET /list HTTP/1.1" 200 2
2021-12-11 23:43:29 - ERROR - ResponseError in 0 on line 0
2021-12-11 23:50:38 - INFO - "GET /list/ HTTP/1.1" 200 642
2021-12-11 23:50:38 - INFO - "GET /favicon.ico HTTP/1.1" 304 0
2021-12-11 23:50:38 - WARNING - "PUT /list HTTP/1.1" 405 1554
2021-12-11 23:50:38 - WARNING - "POST /list HTTP/1.1" 405 1554
2021-12-11 23:50:38 - WARNING - "POST /create HTTP/1.1" 404 1536
2021-12-11 23:51:49 - INFO - "POST /list HTTP/1.1" 200 127
2021-12-11 23:51:49 - INFO - "GET /list/ HTTP/1.1" 200 771
2021-12-11 23:51:49 - INFO - "GET /favicon.ico HTTP/1.1" 304 0
2021-12-11 23:51:49 - WARNING - "DELETE /list1 HTTP/1.1" 404 1536
2021-12-11 23:51:49 - INFO - "DELETE /list/1 HTTP/1.1" 200 128
2021-12-11 23:51:49 - INFO - "GET /list/ HTTP/1.1" 200 643
2021-12-11 23:51:49 - INFO - "GET /favicon.ico HTTP/1.1" 304 0
2021-12-11 23:51:49 - INFO - "DELETE /list/2 HTTP/1.1" 200 128
2021-12-11 23:51:49 - INFO - "GET /list/ HTTP/1.1" 200 515
2021-12-11 23:51:49 - INFO - "GET /list/ HTTP/1.1" 200 515
2021-12-11 23:51:49 - INFO - "PUT /list/3 HTTP/1.1" 200 128
2021-12-11 23:51:49 - INFO - "PUT /list/3 HTTP/1.1" 200 128
2021-12-11 23:51:49 - INFO - "GET /list/ HTTP/1.1" 200 515
2021-12-11 23:51:49 - INFO - "GET /favicon.ico HTTP/1.1" 304 0
2021-12-12 05:31:11 - ERROR - ResponseError in 0 on line 0
